2021-10-01 19:21:10,779 - CPUUtilization.Percent:50.0|#Level:Host|#hostname:DESKTOP-5PKH67K,timestamp:1633096270
2021-10-01 19:21:10,781 - DiskAvailable.Gigabytes:46.98084259033203|#Level:Host|#hostname:DESKTOP-5PKH67K,timestamp:1633096270
2021-10-01 19:21:10,781 - DiskUsage.Gigabytes:202.99584579467773|#Level:Host|#hostname:DESKTOP-5PKH67K,timestamp:1633096270
2021-10-01 19:21:10,782 - DiskUtilization.Percent:81.2|#Level:Host|#hostname:DESKTOP-5PKH67K,timestamp:1633096270
2021-10-01 19:21:10,785 - MemoryAvailable.Megabytes:2114.46875|#Level:Host|#hostname:DESKTOP-5PKH67K,timestamp:1633096270
2021-10-01 19:21:10,790 - MemoryUsed.Megabytes:5976.0390625|#Level:Host|#hostname:DESKTOP-5PKH67K,timestamp:1633096270
2021-10-01 19:21:10,791 - MemoryUtilization.Percent:73.9|#Level:Host|#hostname:DESKTOP-5PKH67K,timestamp:1633096270
2021-10-01 19:22:10,586 - CPUUtilization.Percent:0.0|#Level:Host|#hostname:DESKTOP-5PKH67K,timestamp:1633096330
2021-10-01 19:22:10,586 - DiskAvailable.Gigabytes:46.98039627075195|#Level:Host|#hostname:DESKTOP-5PKH67K,timestamp:1633096330
2021-10-01 19:22:10,586 - DiskUsage.Gigabytes:202.9962921142578|#Level:Host|#hostname:DESKTOP-5PKH67K,timestamp:1633096330
2021-10-01 19:22:10,586 - DiskUtilization.Percent:81.2|#Level:Host|#hostname:DESKTOP-5PKH67K,timestamp:1633096330
2021-10-01 19:22:10,586 - MemoryAvailable.Megabytes:2102.6328125|#Level:Host|#hostname:DESKTOP-5PKH67K,timestamp:1633096330
2021-10-01 19:22:10,602 - MemoryUsed.Megabytes:5987.875|#Level:Host|#hostname:DESKTOP-5PKH67K,timestamp:1633096330
2021-10-01 19:22:10,602 - MemoryUtilization.Percent:74.0|#Level:Host|#hostname:DESKTOP-5PKH67K,timestamp:1633096330
2021-10-01 19:22:26,351 - Requests4XX.Count:1|#Level:Host|#hostname:DESKTOP-5PKH67K,timestamp:null
2021-10-01 19:22:53,967 - Requests4XX.Count:1|#Level:Host|#hostname:DESKTOP-5PKH67K,timestamp:null
2021-10-01 19:22:54,411 - Requests4XX.Count:1|#Level:Host|#hostname:DESKTOP-5PKH67K,timestamp:null
2021-10-01 19:23:10,551 - CPUUtilization.Percent:0.0|#Level:Host|#hostname:DESKTOP-5PKH67K,timestamp:1633096390
2021-10-01 19:23:10,551 - DiskAvailable.Gigabytes:46.98395919799805|#Level:Host|#hostname:DESKTOP-5PKH67K,timestamp:1633096390
2021-10-01 19:23:10,551 - DiskUsage.Gigabytes:202.99272918701172|#Level:Host|#hostname:DESKTOP-5PKH67K,timestamp:1633096390
2021-10-01 19:23:10,551 - DiskUtilization.Percent:81.2|#Level:Host|#hostname:DESKTOP-5PKH67K,timestamp:1633096390
2021-10-01 19:23:10,551 - MemoryAvailable.Megabytes:2045.6328125|#Level:Host|#hostname:DESKTOP-5PKH67K,timestamp:1633096390
2021-10-01 19:23:10,551 - MemoryUsed.Megabytes:6044.875|#Level:Host|#hostname:DESKTOP-5PKH67K,timestamp:1633096390
2021-10-01 19:23:10,551 - MemoryUtilization.Percent:74.7|#Level:Host|#hostname:DESKTOP-5PKH67K,timestamp:1633096390
2021-10-01 19:24:10,611 - CPUUtilization.Percent:0.0|#Level:Host|#hostname:DESKTOP-5PKH67K,timestamp:1633096450
2021-10-01 19:24:10,612 - DiskAvailable.Gigabytes:46.982059478759766|#Level:Host|#hostname:DESKTOP-5PKH67K,timestamp:1633096450
2021-10-01 19:24:10,613 - DiskUsage.Gigabytes:202.99462890625|#Level:Host|#hostname:DESKTOP-5PKH67K,timestamp:1633096450
2021-10-01 19:24:10,613 - DiskUtilization.Percent:81.2|#Level:Host|#hostname:DESKTOP-5PKH67K,timestamp:1633096450
2021-10-01 19:24:10,613 - MemoryAvailable.Megabytes:2013.30078125|#Level:Host|#hostname:DESKTOP-5PKH67K,timestamp:1633096450
2021-10-01 19:24:10,615 - MemoryUsed.Megabytes:6077.20703125|#Level:Host|#hostname:DESKTOP-5PKH67K,timestamp:1633096450
2021-10-01 19:24:10,615 - MemoryUtilization.Percent:75.1|#Level:Host|#hostname:DESKTOP-5PKH67K,timestamp:1633096450
2021-10-01 19:25:10,594 - CPUUtilization.Percent:0.0|#Level:Host|#hostname:DESKTOP-5PKH67K,timestamp:1633096510
2021-10-01 19:25:10,594 - DiskAvailable.Gigabytes:46.96770095825195|#Level:Host|#hostname:DESKTOP-5PKH67K,timestamp:1633096510
2021-10-01 19:25:10,594 - DiskUsage.Gigabytes:203.0089874267578|#Level:Host|#hostname:DESKTOP-5PKH67K,timestamp:1633096510
2021-10-01 19:25:10,594 - DiskUtilization.Percent:81.2|#Level:Host|#hostname:DESKTOP-5PKH67K,timestamp:1633096510
2021-10-01 19:25:10,594 - MemoryAvailable.Megabytes:1864.41015625|#Level:Host|#hostname:DESKTOP-5PKH67K,timestamp:1633096510
2021-10-01 19:25:10,594 - MemoryUsed.Megabytes:6226.09765625|#Level:Host|#hostname:DESKTOP-5PKH67K,timestamp:1633096510
2021-10-01 19:25:10,594 - MemoryUtilization.Percent:77.0|#Level:Host|#hostname:DESKTOP-5PKH67K,timestamp:1633096510
2021-10-01 19:26:10,570 - CPUUtilization.Percent:0.0|#Level:Host|#hostname:DESKTOP-5PKH67K,timestamp:1633096570
2021-10-01 19:26:10,570 - DiskAvailable.Gigabytes:46.96830368041992|#Level:Host|#hostname:DESKTOP-5PKH67K,timestamp:1633096570
2021-10-01 19:26:10,570 - DiskUsage.Gigabytes:203.00838470458984|#Level:Host|#hostname:DESKTOP-5PKH67K,timestamp:1633096570
2021-10-01 19:26:10,570 - DiskUtilization.Percent:81.2|#Level:Host|#hostname:DESKTOP-5PKH67K,timestamp:1633096570
2021-10-01 19:26:10,570 - MemoryAvailable.Megabytes:1922.6953125|#Level:Host|#hostname:DESKTOP-5PKH67K,timestamp:1633096570
2021-10-01 19:26:10,570 - MemoryUsed.Megabytes:6167.8125|#Level:Host|#hostname:DESKTOP-5PKH67K,timestamp:1633096570
2021-10-01 19:26:10,570 - MemoryUtilization.Percent:76.2|#Level:Host|#hostname:DESKTOP-5PKH67K,timestamp:1633096570
2021-10-01 19:35:19,041 - CPUUtilization.Percent:12.5|#Level:Host|#hostname:DESKTOP-5PKH67K,timestamp:1633097119
2021-10-01 19:35:19,041 - DiskAvailable.Gigabytes:46.90875244140625|#Level:Host|#hostname:DESKTOP-5PKH67K,timestamp:1633097119
2021-10-01 19:35:19,041 - DiskUsage.Gigabytes:203.06793594360352|#Level:Host|#hostname:DESKTOP-5PKH67K,timestamp:1633097119
2021-10-01 19:35:19,041 - DiskUtilization.Percent:81.2|#Level:Host|#hostname:DESKTOP-5PKH67K,timestamp:1633097119
2021-10-01 19:35:19,041 - MemoryAvailable.Megabytes:1945.51171875|#Level:Host|#hostname:DESKTOP-5PKH67K,timestamp:1633097119
2021-10-01 19:35:19,041 - MemoryUsed.Megabytes:6144.99609375|#Level:Host|#hostname:DESKTOP-5PKH67K,timestamp:1633097119
2021-10-01 19:35:19,041 - MemoryUtilization.Percent:76.0|#Level:Host|#hostname:DESKTOP-5PKH67K,timestamp:1633097119
2021-10-01 19:35:45,451 - Requests4XX.Count:1|#Level:Host|#hostname:DESKTOP-5PKH67K,timestamp:null
2021-10-01 19:36:19,024 - CPUUtilization.Percent:0.0|#Level:Host|#hostname:DESKTOP-5PKH67K,timestamp:1633097179
2021-10-01 19:36:19,024 - DiskAvailable.Gigabytes:46.90950393676758|#Level:Host|#hostname:DESKTOP-5PKH67K,timestamp:1633097179
2021-10-01 19:36:19,024 - DiskUsage.Gigabytes:203.0671844482422|#Level:Host|#hostname:DESKTOP-5PKH67K,timestamp:1633097179
2021-10-01 19:36:19,024 - DiskUtilization.Percent:81.2|#Level:Host|#hostname:DESKTOP-5PKH67K,timestamp:1633097179
2021-10-01 19:36:19,024 - MemoryAvailable.Megabytes:1990.171875|#Level:Host|#hostname:DESKTOP-5PKH67K,timestamp:1633097179
2021-10-01 19:36:19,024 - MemoryUsed.Megabytes:6100.3359375|#Level:Host|#hostname:DESKTOP-5PKH67K,timestamp:1633097179
2021-10-01 19:36:19,024 - MemoryUtilization.Percent:75.4|#Level:Host|#hostname:DESKTOP-5PKH67K,timestamp:1633097179
2021-10-01 19:36:49,036 - Requests4XX.Count:1|#Level:Host|#hostname:DESKTOP-5PKH67K,timestamp:null
2021-10-01 19:37:19,039 - CPUUtilization.Percent:0.0|#Level:Host|#hostname:DESKTOP-5PKH67K,timestamp:1633097239
2021-10-01 19:37:19,039 - DiskAvailable.Gigabytes:46.90887451171875|#Level:Host|#hostname:DESKTOP-5PKH67K,timestamp:1633097239
2021-10-01 19:37:19,039 - DiskUsage.Gigabytes:203.06781387329102|#Level:Host|#hostname:DESKTOP-5PKH67K,timestamp:1633097239
2021-10-01 19:37:19,039 - DiskUtilization.Percent:81.2|#Level:Host|#hostname:DESKTOP-5PKH67K,timestamp:1633097239
2021-10-01 19:37:19,039 - MemoryAvailable.Megabytes:1980.87890625|#Level:Host|#hostname:DESKTOP-5PKH67K,timestamp:1633097239
2021-10-01 19:37:19,039 - MemoryUsed.Megabytes:6109.62890625|#Level:Host|#hostname:DESKTOP-5PKH67K,timestamp:1633097239
2021-10-01 19:37:19,039 - MemoryUtilization.Percent:75.5|#Level:Host|#hostname:DESKTOP-5PKH67K,timestamp:1633097239
2021-10-01 19:37:36,346 - Requests4XX.Count:1|#Level:Host|#hostname:DESKTOP-5PKH67K,timestamp:null
2021-10-01 19:37:44,963 - Requests4XX.Count:1|#Level:Host|#hostname:DESKTOP-5PKH67K,timestamp:null
2021-10-01 19:37:45,275 - Requests4XX.Count:1|#Level:Host|#hostname:DESKTOP-5PKH67K,timestamp:null
2021-10-01 19:37:53,294 - Requests4XX.Count:1|#Level:Host|#hostname:DESKTOP-5PKH67K,timestamp:null
2021-10-01 19:37:53,631 - Requests4XX.Count:1|#Level:Host|#hostname:DESKTOP-5PKH67K,timestamp:null
2021-10-01 19:38:18,806 - Requests2XX.Count:1|#Level:Host|#hostname:DESKTOP-5PKH67K,timestamp:null
2021-10-01 19:38:19,024 - CPUUtilization.Percent:0.0|#Level:Host|#hostname:DESKTOP-5PKH67K,timestamp:1633097299
2021-10-01 19:38:19,024 - DiskAvailable.Gigabytes:46.90870666503906|#Level:Host|#hostname:DESKTOP-5PKH67K,timestamp:1633097299
2021-10-01 19:38:19,024 - DiskUsage.Gigabytes:203.0679817199707|#Level:Host|#hostname:DESKTOP-5PKH67K,timestamp:1633097299
2021-10-01 19:38:19,024 - DiskUtilization.Percent:81.2|#Level:Host|#hostname:DESKTOP-5PKH67K,timestamp:1633097299
2021-10-01 19:38:19,024 - MemoryAvailable.Megabytes:1862.41796875|#Level:Host|#hostname:DESKTOP-5PKH67K,timestamp:1633097299
2021-10-01 19:38:19,024 - MemoryUsed.Megabytes:6228.08984375|#Level:Host|#hostname:DESKTOP-5PKH67K,timestamp:1633097299
2021-10-01 19:38:19,024 - MemoryUtilization.Percent:77.0|#Level:Host|#hostname:DESKTOP-5PKH67K,timestamp:1633097299
2021-10-01 19:39:19,102 - CPUUtilization.Percent:0.0|#Level:Host|#hostname:DESKTOP-5PKH67K,timestamp:1633097359
2021-10-01 19:39:19,103 - DiskAvailable.Gigabytes:46.910037994384766|#Level:Host|#hostname:DESKTOP-5PKH67K,timestamp:1633097359
2021-10-01 19:39:19,103 - DiskUsage.Gigabytes:203.066650390625|#Level:Host|#hostname:DESKTOP-5PKH67K,timestamp:1633097359
2021-10-01 19:39:19,104 - DiskUtilization.Percent:81.2|#Level:Host|#hostname:DESKTOP-5PKH67K,timestamp:1633097359
2021-10-01 19:39:19,104 - MemoryAvailable.Megabytes:1942.6640625|#Level:Host|#hostname:DESKTOP-5PKH67K,timestamp:1633097359
2021-10-01 19:39:19,105 - MemoryUsed.Megabytes:6147.84375|#Level:Host|#hostname:DESKTOP-5PKH67K,timestamp:1633097359
2021-10-01 19:39:19,106 - MemoryUtilization.Percent:76.0|#Level:Host|#hostname:DESKTOP-5PKH67K,timestamp:1633097359
2021-10-01 19:41:48,206 - CPUUtilization.Percent:0.0|#Level:Host|#hostname:DESKTOP-5PKH67K,timestamp:1633097508
2021-10-01 19:41:48,206 - DiskAvailable.Gigabytes:46.91098403930664|#Level:Host|#hostname:DESKTOP-5PKH67K,timestamp:1633097508
2021-10-01 19:41:48,206 - DiskUsage.Gigabytes:203.06570434570312|#Level:Host|#hostname:DESKTOP-5PKH67K,timestamp:1633097508
2021-10-01 19:41:48,206 - DiskUtilization.Percent:81.2|#Level:Host|#hostname:DESKTOP-5PKH67K,timestamp:1633097508
2021-10-01 19:41:48,206 - MemoryAvailable.Megabytes:2051.98828125|#Level:Host|#hostname:DESKTOP-5PKH67K,timestamp:1633097508
2021-10-01 19:41:48,206 - MemoryUsed.Megabytes:6038.51953125|#Level:Host|#hostname:DESKTOP-5PKH67K,timestamp:1633097508
2021-10-01 19:41:48,206 - MemoryUtilization.Percent:74.6|#Level:Host|#hostname:DESKTOP-5PKH67K,timestamp:1633097508
2021-10-01 19:42:48,216 - CPUUtilization.Percent:0.0|#Level:Host|#hostname:DESKTOP-5PKH67K,timestamp:1633097568
2021-10-01 19:42:48,216 - DiskAvailable.Gigabytes:46.91216278076172|#Level:Host|#hostname:DESKTOP-5PKH67K,timestamp:1633097568
2021-10-01 19:42:48,216 - DiskUsage.Gigabytes:203.06452560424805|#Level:Host|#hostname:DESKTOP-5PKH67K,timestamp:1633097568
2021-10-01 19:42:48,216 - DiskUtilization.Percent:81.2|#Level:Host|#hostname:DESKTOP-5PKH67K,timestamp:1633097568
2021-10-01 19:42:48,216 - MemoryAvailable.Megabytes:2042.453125|#Level:Host|#hostname:DESKTOP-5PKH67K,timestamp:1633097568
2021-10-01 19:42:48,216 - MemoryUsed.Megabytes:6048.0546875|#Level:Host|#hostname:DESKTOP-5PKH67K,timestamp:1633097568
2021-10-01 19:42:48,216 - MemoryUtilization.Percent:74.8|#Level:Host|#hostname:DESKTOP-5PKH67K,timestamp:1633097568
2021-10-01 19:43:48,206 - CPUUtilization.Percent:0.0|#Level:Host|#hostname:DESKTOP-5PKH67K,timestamp:1633097628
2021-10-01 19:43:48,206 - DiskAvailable.Gigabytes:46.9119758605957|#Level:Host|#hostname:DESKTOP-5PKH67K,timestamp:1633097628
2021-10-01 19:43:48,206 - DiskUsage.Gigabytes:203.06471252441406|#Level:Host|#hostname:DESKTOP-5PKH67K,timestamp:1633097628
2021-10-01 19:43:48,206 - DiskUtilization.Percent:81.2|#Level:Host|#hostname:DESKTOP-5PKH67K,timestamp:1633097628
2021-10-01 19:43:48,206 - MemoryAvailable.Megabytes:2091.72265625|#Level:Host|#hostname:DESKTOP-5PKH67K,timestamp:1633097628
2021-10-01 19:43:48,206 - MemoryUsed.Megabytes:5998.78515625|#Level:Host|#hostname:DESKTOP-5PKH67K,timestamp:1633097628
2021-10-01 19:43:48,206 - MemoryUtilization.Percent:74.1|#Level:Host|#hostname:DESKTOP-5PKH67K,timestamp:1633097628
2021-10-01 19:44:48,217 - CPUUtilization.Percent:0.0|#Level:Host|#hostname:DESKTOP-5PKH67K,timestamp:1633097688
2021-10-01 19:44:48,217 - DiskAvailable.Gigabytes:46.911643981933594|#Level:Host|#hostname:DESKTOP-5PKH67K,timestamp:1633097688
2021-10-01 19:44:48,217 - DiskUsage.Gigabytes:203.06504440307617|#Level:Host|#hostname:DESKTOP-5PKH67K,timestamp:1633097688
2021-10-01 19:44:48,217 - DiskUtilization.Percent:81.2|#Level:Host|#hostname:DESKTOP-5PKH67K,timestamp:1633097688
2021-10-01 19:44:48,217 - MemoryAvailable.Megabytes:2032.52734375|#Level:Host|#hostname:DESKTOP-5PKH67K,timestamp:1633097688
2021-10-01 19:44:48,217 - MemoryUsed.Megabytes:6057.98046875|#Level:Host|#hostname:DESKTOP-5PKH67K,timestamp:1633097688
2021-10-01 19:44:48,217 - MemoryUtilization.Percent:74.9|#Level:Host|#hostname:DESKTOP-5PKH67K,timestamp:1633097688
2021-10-01 19:44:57,565 - Requests4XX.Count:1|#Level:Host|#hostname:DESKTOP-5PKH67K,timestamp:null
2021-10-01 19:45:09,848 - Requests4XX.Count:1|#Level:Host|#hostname:DESKTOP-5PKH67K,timestamp:null
2021-10-01 19:45:18,444 - Requests2XX.Count:1|#Level:Host|#hostname:DESKTOP-5PKH67K,timestamp:null
2021-10-01 19:45:48,261 - CPUUtilization.Percent:0.0|#Level:Host|#hostname:DESKTOP-5PKH67K,timestamp:1633097748
2021-10-01 19:45:48,261 - DiskAvailable.Gigabytes:46.91167449951172|#Level:Host|#hostname:DESKTOP-5PKH67K,timestamp:1633097748
2021-10-01 19:45:48,261 - DiskUsage.Gigabytes:203.06501388549805|#Level:Host|#hostname:DESKTOP-5PKH67K,timestamp:1633097748
2021-10-01 19:45:48,261 - DiskUtilization.Percent:81.2|#Level:Host|#hostname:DESKTOP-5PKH67K,timestamp:1633097748
2021-10-01 19:45:48,261 - MemoryAvailable.Megabytes:1954.9765625|#Level:Host|#hostname:DESKTOP-5PKH67K,timestamp:1633097748
2021-10-01 19:45:48,261 - MemoryUsed.Megabytes:6135.53125|#Level:Host|#hostname:DESKTOP-5PKH67K,timestamp:1633097748
2021-10-01 19:45:48,261 - MemoryUtilization.Percent:75.8|#Level:Host|#hostname:DESKTOP-5PKH67K,timestamp:1633097748
2021-10-01 19:46:10,581 - Requests4XX.Count:1|#Level:Host|#hostname:DESKTOP-5PKH67K,timestamp:null
2021-10-01 19:46:10,850 - Requests4XX.Count:1|#Level:Host|#hostname:DESKTOP-5PKH67K,timestamp:null
2021-10-01 19:46:21,233 - Requests2XX.Count:1|#Level:Host|#hostname:DESKTOP-5PKH67K,timestamp:null
2021-10-01 19:46:28,904 - Requests4XX.Count:1|#Level:Host|#hostname:DESKTOP-5PKH67K,timestamp:null
2021-10-01 19:46:41,500 - Requests4XX.Count:1|#Level:Host|#hostname:DESKTOP-5PKH67K,timestamp:null
2021-10-01 19:46:48,244 - CPUUtilization.Percent:0.0|#Level:Host|#hostname:DESKTOP-5PKH67K,timestamp:1633097808
2021-10-01 19:46:48,245 - DiskAvailable.Gigabytes:46.90913009643555|#Level:Host|#hostname:DESKTOP-5PKH67K,timestamp:1633097808
2021-10-01 19:46:48,245 - DiskUsage.Gigabytes:203.06755828857422|#Level:Host|#hostname:DESKTOP-5PKH67K,timestamp:1633097808
2021-10-01 19:46:48,245 - DiskUtilization.Percent:81.2|#Level:Host|#hostname:DESKTOP-5PKH67K,timestamp:1633097808
2021-10-01 19:46:48,246 - MemoryAvailable.Megabytes:1846.2265625|#Level:Host|#hostname:DESKTOP-5PKH67K,timestamp:1633097808
2021-10-01 19:46:48,246 - MemoryUsed.Megabytes:6244.28125|#Level:Host|#hostname:DESKTOP-5PKH67K,timestamp:1633097808
2021-10-01 19:46:48,247 - MemoryUtilization.Percent:77.2|#Level:Host|#hostname:DESKTOP-5PKH67K,timestamp:1633097808
2021-10-01 19:47:48,346 - CPUUtilization.Percent:0.0|#Level:Host|#hostname:DESKTOP-5PKH67K,timestamp:1633097868
2021-10-01 19:47:48,347 - DiskAvailable.Gigabytes:46.90814971923828|#Level:Host|#hostname:DESKTOP-5PKH67K,timestamp:1633097868
2021-10-01 19:47:48,347 - DiskUsage.Gigabytes:203.06853866577148|#Level:Host|#hostname:DESKTOP-5PKH67K,timestamp:1633097868
2021-10-01 19:47:48,348 - DiskUtilization.Percent:81.2|#Level:Host|#hostname:DESKTOP-5PKH67K,timestamp:1633097868
2021-10-01 19:47:48,348 - MemoryAvailable.Megabytes:1877.1015625|#Level:Host|#hostname:DESKTOP-5PKH67K,timestamp:1633097868
2021-10-01 19:47:48,348 - MemoryUsed.Megabytes:6213.40625|#Level:Host|#hostname:DESKTOP-5PKH67K,timestamp:1633097868
2021-10-01 19:47:48,349 - MemoryUtilization.Percent:76.8|#Level:Host|#hostname:DESKTOP-5PKH67K,timestamp:1633097868
2021-10-01 19:48:48,209 - CPUUtilization.Percent:14.3|#Level:Host|#hostname:DESKTOP-5PKH67K,timestamp:1633097928
2021-10-01 19:48:48,209 - DiskAvailable.Gigabytes:46.9080810546875|#Level:Host|#hostname:DESKTOP-5PKH67K,timestamp:1633097928
2021-10-01 19:48:48,209 - DiskUsage.Gigabytes:203.06860733032227|#Level:Host|#hostname:DESKTOP-5PKH67K,timestamp:1633097928
2021-10-01 19:48:48,209 - DiskUtilization.Percent:81.2|#Level:Host|#hostname:DESKTOP-5PKH67K,timestamp:1633097928
2021-10-01 19:48:48,209 - MemoryAvailable.Megabytes:1904.86328125|#Level:Host|#hostname:DESKTOP-5PKH67K,timestamp:1633097928
2021-10-01 19:48:48,209 - MemoryUsed.Megabytes:6185.64453125|#Level:Host|#hostname:DESKTOP-5PKH67K,timestamp:1633097928
2021-10-01 19:48:48,209 - MemoryUtilization.Percent:76.5|#Level:Host|#hostname:DESKTOP-5PKH67K,timestamp:1633097928
2021-10-01 19:49:48,210 - CPUUtilization.Percent:0.0|#Level:Host|#hostname:DESKTOP-5PKH67K,timestamp:1633097988
2021-10-01 19:49:48,210 - DiskAvailable.Gigabytes:46.90290832519531|#Level:Host|#hostname:DESKTOP-5PKH67K,timestamp:1633097988
2021-10-01 19:49:48,210 - DiskUsage.Gigabytes:203.07378005981445|#Level:Host|#hostname:DESKTOP-5PKH67K,timestamp:1633097988
2021-10-01 19:49:48,210 - DiskUtilization.Percent:81.2|#Level:Host|#hostname:DESKTOP-5PKH67K,timestamp:1633097988
2021-10-01 19:49:48,210 - MemoryAvailable.Megabytes:1746.40234375|#Level:Host|#hostname:DESKTOP-5PKH67K,timestamp:1633097988
2021-10-01 19:49:48,210 - MemoryUsed.Megabytes:6344.10546875|#Level:Host|#hostname:DESKTOP-5PKH67K,timestamp:1633097988
2021-10-01 19:49:48,210 - MemoryUtilization.Percent:78.4|#Level:Host|#hostname:DESKTOP-5PKH67K,timestamp:1633097988
2021-10-01 19:50:48,259 - CPUUtilization.Percent:0.0|#Level:Host|#hostname:DESKTOP-5PKH67K,timestamp:1633098048
2021-10-01 19:50:48,260 - DiskAvailable.Gigabytes:46.93452453613281|#Level:Host|#hostname:DESKTOP-5PKH67K,timestamp:1633098048
2021-10-01 19:50:48,261 - DiskUsage.Gigabytes:203.04216384887695|#Level:Host|#hostname:DESKTOP-5PKH67K,timestamp:1633098048
2021-10-01 19:50:48,261 - DiskUtilization.Percent:81.2|#Level:Host|#hostname:DESKTOP-5PKH67K,timestamp:1633098048
2021-10-01 19:50:48,261 - MemoryAvailable.Megabytes:1747.4921875|#Level:Host|#hostname:DESKTOP-5PKH67K,timestamp:1633098048
2021-10-01 19:50:48,262 - MemoryUsed.Megabytes:6343.015625|#Level:Host|#hostname:DESKTOP-5PKH67K,timestamp:1633098048
2021-10-01 19:50:48,262 - MemoryUtilization.Percent:78.4|#Level:Host|#hostname:DESKTOP-5PKH67K,timestamp:1633098048
2021-10-01 19:51:48,260 - CPUUtilization.Percent:0.0|#Level:Host|#hostname:DESKTOP-5PKH67K,timestamp:1633098108
2021-10-01 19:51:48,261 - DiskAvailable.Gigabytes:46.93452072143555|#Level:Host|#hostname:DESKTOP-5PKH67K,timestamp:1633098108
2021-10-01 19:51:48,262 - DiskUsage.Gigabytes:203.04216766357422|#Level:Host|#hostname:DESKTOP-5PKH67K,timestamp:1633098108
2021-10-01 19:51:48,262 - DiskUtilization.Percent:81.2|#Level:Host|#hostname:DESKTOP-5PKH67K,timestamp:1633098108
2021-10-01 19:51:48,262 - MemoryAvailable.Megabytes:1624.234375|#Level:Host|#hostname:DESKTOP-5PKH67K,timestamp:1633098108
2021-10-01 19:51:48,263 - MemoryUsed.Megabytes:6466.2734375|#Level:Host|#hostname:DESKTOP-5PKH67K,timestamp:1633098108
2021-10-01 19:51:48,263 - MemoryUtilization.Percent:79.9|#Level:Host|#hostname:DESKTOP-5PKH67K,timestamp:1633098108
2021-10-01 19:52:48,262 - CPUUtilization.Percent:100.0|#Level:Host|#hostname:DESKTOP-5PKH67K,timestamp:1633098168
2021-10-01 19:52:48,263 - DiskAvailable.Gigabytes:46.9359245300293|#Level:Host|#hostname:DESKTOP-5PKH67K,timestamp:1633098168
2021-10-01 19:52:48,263 - DiskUsage.Gigabytes:203.04076385498047|#Level:Host|#hostname:DESKTOP-5PKH67K,timestamp:1633098168
2021-10-01 19:52:48,264 - DiskUtilization.Percent:81.2|#Level:Host|#hostname:DESKTOP-5PKH67K,timestamp:1633098168
2021-10-01 19:52:48,264 - MemoryAvailable.Megabytes:1664.77734375|#Level:Host|#hostname:DESKTOP-5PKH67K,timestamp:1633098168
2021-10-01 19:52:48,264 - MemoryUsed.Megabytes:6425.73046875|#Level:Host|#hostname:DESKTOP-5PKH67K,timestamp:1633098168
2021-10-01 19:52:48,265 - MemoryUtilization.Percent:79.4|#Level:Host|#hostname:DESKTOP-5PKH67K,timestamp:1633098168
2021-10-01 19:53:48,209 - CPUUtilization.Percent:0.0|#Level:Host|#hostname:DESKTOP-5PKH67K,timestamp:1633098228
2021-10-01 19:53:48,209 - DiskAvailable.Gigabytes:46.93203353881836|#Level:Host|#hostname:DESKTOP-5PKH67K,timestamp:1633098228
2021-10-01 19:53:48,209 - DiskUsage.Gigabytes:203.0446548461914|#Level:Host|#hostname:DESKTOP-5PKH67K,timestamp:1633098228
2021-10-01 19:53:48,209 - DiskUtilization.Percent:81.2|#Level:Host|#hostname:DESKTOP-5PKH67K,timestamp:1633098228
2021-10-01 19:53:48,209 - MemoryAvailable.Megabytes:1773.94921875|#Level:Host|#hostname:DESKTOP-5PKH67K,timestamp:1633098228
2021-10-01 19:53:48,209 - MemoryUsed.Megabytes:6316.55859375|#Level:Host|#hostname:DESKTOP-5PKH67K,timestamp:1633098228
2021-10-01 19:53:48,209 - MemoryUtilization.Percent:78.1|#Level:Host|#hostname:DESKTOP-5PKH67K,timestamp:1633098228
2021-10-01 19:54:48,234 - CPUUtilization.Percent:0.0|#Level:Host|#hostname:DESKTOP-5PKH67K,timestamp:1633098288
2021-10-01 19:54:48,234 - DiskAvailable.Gigabytes:46.92567443847656|#Level:Host|#hostname:DESKTOP-5PKH67K,timestamp:1633098288
2021-10-01 19:54:48,234 - DiskUsage.Gigabytes:203.0510139465332|#Level:Host|#hostname:DESKTOP-5PKH67K,timestamp:1633098288
2021-10-01 19:54:48,234 - DiskUtilization.Percent:81.2|#Level:Host|#hostname:DESKTOP-5PKH67K,timestamp:1633098288
2021-10-01 19:54:48,234 - MemoryAvailable.Megabytes:1643.9296875|#Level:Host|#hostname:DESKTOP-5PKH67K,timestamp:1633098288
2021-10-01 19:54:48,234 - MemoryUsed.Megabytes:6446.578125|#Level:Host|#hostname:DESKTOP-5PKH67K,timestamp:1633098288
2021-10-01 19:54:48,234 - MemoryUtilization.Percent:79.7|#Level:Host|#hostname:DESKTOP-5PKH67K,timestamp:1633098288
2021-10-01 19:55:48,293 - CPUUtilization.Percent:50.0|#Level:Host|#hostname:DESKTOP-5PKH67K,timestamp:1633098348
2021-10-01 19:55:48,294 - DiskAvailable.Gigabytes:46.92466735839844|#Level:Host|#hostname:DESKTOP-5PKH67K,timestamp:1633098348
2021-10-01 19:55:48,294 - DiskUsage.Gigabytes:203.05202102661133|#Level:Host|#hostname:DESKTOP-5PKH67K,timestamp:1633098348
2021-10-01 19:55:48,295 - DiskUtilization.Percent:81.2|#Level:Host|#hostname:DESKTOP-5PKH67K,timestamp:1633098348
2021-10-01 19:55:48,295 - MemoryAvailable.Megabytes:1565.23046875|#Level:Host|#hostname:DESKTOP-5PKH67K,timestamp:1633098348
2021-10-01 19:55:48,295 - MemoryUsed.Megabytes:6525.27734375|#Level:Host|#hostname:DESKTOP-5PKH67K,timestamp:1633098348
2021-10-01 19:55:48,296 - MemoryUtilization.Percent:80.7|#Level:Host|#hostname:DESKTOP-5PKH67K,timestamp:1633098348
2021-10-01 19:56:48,229 - CPUUtilization.Percent:0.0|#Level:Host|#hostname:DESKTOP-5PKH67K,timestamp:1633098408
2021-10-01 19:56:48,229 - DiskAvailable.Gigabytes:46.9246940612793|#Level:Host|#hostname:DESKTOP-5PKH67K,timestamp:1633098408
2021-10-01 19:56:48,230 - DiskUsage.Gigabytes:203.05199432373047|#Level:Host|#hostname:DESKTOP-5PKH67K,timestamp:1633098408
2021-10-01 19:56:48,230 - DiskUtilization.Percent:81.2|#Level:Host|#hostname:DESKTOP-5PKH67K,timestamp:1633098408
2021-10-01 19:56:48,230 - MemoryAvailable.Megabytes:1585.6875|#Level:Host|#hostname:DESKTOP-5PKH67K,timestamp:1633098408
2021-10-01 19:56:48,230 - MemoryUsed.Megabytes:6504.8203125|#Level:Host|#hostname:DESKTOP-5PKH67K,timestamp:1633098408
2021-10-01 19:56:48,231 - MemoryUtilization.Percent:80.4|#Level:Host|#hostname:DESKTOP-5PKH67K,timestamp:1633098408
2021-10-01 19:57:48,212 - CPUUtilization.Percent:0.0|#Level:Host|#hostname:DESKTOP-5PKH67K,timestamp:1633098468
2021-10-01 19:57:48,212 - DiskAvailable.Gigabytes:46.92448425292969|#Level:Host|#hostname:DESKTOP-5PKH67K,timestamp:1633098468
2021-10-01 19:57:48,212 - DiskUsage.Gigabytes:203.05220413208008|#Level:Host|#hostname:DESKTOP-5PKH67K,timestamp:1633098468
2021-10-01 19:57:48,212 - DiskUtilization.Percent:81.2|#Level:Host|#hostname:DESKTOP-5PKH67K,timestamp:1633098468
2021-10-01 19:57:48,212 - MemoryAvailable.Megabytes:1582.83203125|#Level:Host|#hostname:DESKTOP-5PKH67K,timestamp:1633098468
2021-10-01 19:57:48,212 - MemoryUsed.Megabytes:6507.67578125|#Level:Host|#hostname:DESKTOP-5PKH67K,timestamp:1633098468
2021-10-01 19:57:48,212 - MemoryUtilization.Percent:80.4|#Level:Host|#hostname:DESKTOP-5PKH67K,timestamp:1633098468
2021-10-01 19:58:48,256 - CPUUtilization.Percent:0.0|#Level:Host|#hostname:DESKTOP-5PKH67K,timestamp:1633098528
2021-10-01 19:58:48,256 - DiskAvailable.Gigabytes:46.92427444458008|#Level:Host|#hostname:DESKTOP-5PKH67K,timestamp:1633098528
2021-10-01 19:58:48,256 - DiskUsage.Gigabytes:203.0524139404297|#Level:Host|#hostname:DESKTOP-5PKH67K,timestamp:1633098528
2021-10-01 19:58:48,256 - DiskUtilization.Percent:81.2|#Level:Host|#hostname:DESKTOP-5PKH67K,timestamp:1633098528
2021-10-01 19:58:48,256 - MemoryAvailable.Megabytes:1646.1171875|#Level:Host|#hostname:DESKTOP-5PKH67K,timestamp:1633098528
2021-10-01 19:58:48,256 - MemoryUsed.Megabytes:6444.390625|#Level:Host|#hostname:DESKTOP-5PKH67K,timestamp:1633098528
2021-10-01 19:58:48,256 - MemoryUtilization.Percent:79.7|#Level:Host|#hostname:DESKTOP-5PKH67K,timestamp:1633098528
2021-10-01 19:59:48,218 - CPUUtilization.Percent:0.0|#Level:Host|#hostname:DESKTOP-5PKH67K,timestamp:1633098588
2021-10-01 19:59:48,218 - DiskAvailable.Gigabytes:46.926673889160156|#Level:Host|#hostname:DESKTOP-5PKH67K,timestamp:1633098588
2021-10-01 19:59:48,218 - DiskUsage.Gigabytes:203.0500144958496|#Level:Host|#hostname:DESKTOP-5PKH67K,timestamp:1633098588
2021-10-01 19:59:48,218 - DiskUtilization.Percent:81.2|#Level:Host|#hostname:DESKTOP-5PKH67K,timestamp:1633098588
2021-10-01 19:59:48,218 - MemoryAvailable.Megabytes:1578.29296875|#Level:Host|#hostname:DESKTOP-5PKH67K,timestamp:1633098588
2021-10-01 19:59:48,218 - MemoryUsed.Megabytes:6512.21484375|#Level:Host|#hostname:DESKTOP-5PKH67K,timestamp:1633098588
2021-10-01 19:59:48,218 - MemoryUtilization.Percent:80.5|#Level:Host|#hostname:DESKTOP-5PKH67K,timestamp:1633098588
2021-10-01 20:00:48,213 - CPUUtilization.Percent:0.0|#Level:Host|#hostname:DESKTOP-5PKH67K,timestamp:1633098648
2021-10-01 20:00:48,213 - DiskAvailable.Gigabytes:46.91965103149414|#Level:Host|#hostname:DESKTOP-5PKH67K,timestamp:1633098648
2021-10-01 20:00:48,213 - DiskUsage.Gigabytes:203.05703735351562|#Level:Host|#hostname:DESKTOP-5PKH67K,timestamp:1633098648
2021-10-01 20:00:48,213 - DiskUtilization.Percent:81.2|#Level:Host|#hostname:DESKTOP-5PKH67K,timestamp:1633098648
2021-10-01 20:00:48,213 - MemoryAvailable.Megabytes:1521.72265625|#Level:Host|#hostname:DESKTOP-5PKH67K,timestamp:1633098648
2021-10-01 20:00:48,213 - MemoryUsed.Megabytes:6568.78515625|#Level:Host|#hostname:DESKTOP-5PKH67K,timestamp:1633098648
2021-10-01 20:00:48,213 - MemoryUtilization.Percent:81.2|#Level:Host|#hostname:DESKTOP-5PKH67K,timestamp:1633098648
2021-10-01 20:01:48,205 - CPUUtilization.Percent:0.0|#Level:Host|#hostname:DESKTOP-5PKH67K,timestamp:1633098708
2021-10-01 20:01:48,205 - DiskAvailable.Gigabytes:46.918968200683594|#Level:Host|#hostname:DESKTOP-5PKH67K,timestamp:1633098708
2021-10-01 20:01:48,220 - DiskUsage.Gigabytes:203.05772018432617|#Level:Host|#hostname:DESKTOP-5PKH67K,timestamp:1633098708
2021-10-01 20:01:48,220 - DiskUtilization.Percent:81.2|#Level:Host|#hostname:DESKTOP-5PKH67K,timestamp:1633098708
2021-10-01 20:01:48,220 - MemoryAvailable.Megabytes:1469.1953125|#Level:Host|#hostname:DESKTOP-5PKH67K,timestamp:1633098708
2021-10-01 20:01:48,220 - MemoryUsed.Megabytes:6621.3125|#Level:Host|#hostname:DESKTOP-5PKH67K,timestamp:1633098708
2021-10-01 20:01:48,220 - MemoryUtilization.Percent:81.8|#Level:Host|#hostname:DESKTOP-5PKH67K,timestamp:1633098708
2021-10-01 20:02:48,297 - CPUUtilization.Percent:0.0|#Level:Host|#hostname:DESKTOP-5PKH67K,timestamp:1633098768
2021-10-01 20:02:48,298 - DiskAvailable.Gigabytes:46.923118591308594|#Level:Host|#hostname:DESKTOP-5PKH67K,timestamp:1633098768
2021-10-01 20:02:48,298 - DiskUsage.Gigabytes:203.05356979370117|#Level:Host|#hostname:DESKTOP-5PKH67K,timestamp:1633098768
2021-10-01 20:02:48,299 - DiskUtilization.Percent:81.2|#Level:Host|#hostname:DESKTOP-5PKH67K,timestamp:1633098768
2021-10-01 20:02:48,299 - MemoryAvailable.Megabytes:1601.51171875|#Level:Host|#hostname:DESKTOP-5PKH67K,timestamp:1633098768
2021-10-01 20:02:48,299 - MemoryUsed.Megabytes:6488.99609375|#Level:Host|#hostname:DESKTOP-5PKH67K,timestamp:1633098768
2021-10-01 20:02:48,300 - MemoryUtilization.Percent:80.2|#Level:Host|#hostname:DESKTOP-5PKH67K,timestamp:1633098768
2021-10-01 20:03:48,283 - CPUUtilization.Percent:0.0|#Level:Host|#hostname:DESKTOP-5PKH67K,timestamp:1633098828
2021-10-01 20:03:48,284 - DiskAvailable.Gigabytes:46.92231750488281|#Level:Host|#hostname:DESKTOP-5PKH67K,timestamp:1633098828
2021-10-01 20:03:48,284 - DiskUsage.Gigabytes:203.05437088012695|#Level:Host|#hostname:DESKTOP-5PKH67K,timestamp:1633098828
2021-10-01 20:03:48,284 - DiskUtilization.Percent:81.2|#Level:Host|#hostname:DESKTOP-5PKH67K,timestamp:1633098828
2021-10-01 20:03:48,285 - MemoryAvailable.Megabytes:1687.78515625|#Level:Host|#hostname:DESKTOP-5PKH67K,timestamp:1633098828
2021-10-01 20:03:48,285 - MemoryUsed.Megabytes:6402.72265625|#Level:Host|#hostname:DESKTOP-5PKH67K,timestamp:1633098828
2021-10-01 20:03:48,285 - MemoryUtilization.Percent:79.1|#Level:Host|#hostname:DESKTOP-5PKH67K,timestamp:1633098828
2021-10-01 20:04:48,224 - CPUUtilization.Percent:0.0|#Level:Host|#hostname:DESKTOP-5PKH67K,timestamp:1633098888
2021-10-01 20:04:48,224 - DiskAvailable.Gigabytes:46.922119140625|#Level:Host|#hostname:DESKTOP-5PKH67K,timestamp:1633098888
2021-10-01 20:04:48,240 - DiskUsage.Gigabytes:203.05456924438477|#Level:Host|#hostname:DESKTOP-5PKH67K,timestamp:1633098888
2021-10-01 20:04:48,240 - DiskUtilization.Percent:81.2|#Level:Host|#hostname:DESKTOP-5PKH67K,timestamp:1633098888
2021-10-01 20:04:48,240 - MemoryAvailable.Megabytes:1597.73046875|#Level:Host|#hostname:DESKTOP-5PKH67K,timestamp:1633098888
2021-10-01 20:04:48,240 - MemoryUsed.Megabytes:6492.77734375|#Level:Host|#hostname:DESKTOP-5PKH67K,timestamp:1633098888
2021-10-01 20:04:48,240 - MemoryUtilization.Percent:80.3|#Level:Host|#hostname:DESKTOP-5PKH67K,timestamp:1633098888
2021-10-01 20:05:48,274 - CPUUtilization.Percent:0.0|#Level:Host|#hostname:DESKTOP-5PKH67K,timestamp:1633098948
2021-10-01 20:05:48,274 - DiskAvailable.Gigabytes:46.919857025146484|#Level:Host|#hostname:DESKTOP-5PKH67K,timestamp:1633098948
2021-10-01 20:05:48,274 - DiskUsage.Gigabytes:203.05683135986328|#Level:Host|#hostname:DESKTOP-5PKH67K,timestamp:1633098948
2021-10-01 20:05:48,274 - DiskUtilization.Percent:81.2|#Level:Host|#hostname:DESKTOP-5PKH67K,timestamp:1633098948
2021-10-01 20:05:48,274 - MemoryAvailable.Megabytes:1536.5625|#Level:Host|#hostname:DESKTOP-5PKH67K,timestamp:1633098948
2021-10-01 20:05:48,274 - MemoryUsed.Megabytes:6553.9453125|#Level:Host|#hostname:DESKTOP-5PKH67K,timestamp:1633098948
2021-10-01 20:05:48,290 - MemoryUtilization.Percent:81.0|#Level:Host|#hostname:DESKTOP-5PKH67K,timestamp:1633098948
2021-10-01 20:06:48,250 - CPUUtilization.Percent:0.0|#Level:Host|#hostname:DESKTOP-5PKH67K,timestamp:1633099008
2021-10-01 20:06:48,251 - DiskAvailable.Gigabytes:46.919525146484375|#Level:Host|#hostname:DESKTOP-5PKH67K,timestamp:1633099008
2021-10-01 20:06:48,251 - DiskUsage.Gigabytes:203.0571632385254|#Level:Host|#hostname:DESKTOP-5PKH67K,timestamp:1633099008
2021-10-01 20:06:48,252 - DiskUtilization.Percent:81.2|#Level:Host|#hostname:DESKTOP-5PKH67K,timestamp:1633099008
2021-10-01 20:06:48,252 - MemoryAvailable.Megabytes:1490.4921875|#Level:Host|#hostname:DESKTOP-5PKH67K,timestamp:1633099008
2021-10-01 20:06:48,252 - MemoryUsed.Megabytes:6600.015625|#Level:Host|#hostname:DESKTOP-5PKH67K,timestamp:1633099008
2021-10-01 20:06:48,252 - MemoryUtilization.Percent:81.6|#Level:Host|#hostname:DESKTOP-5PKH67K,timestamp:1633099008
2021-10-01 20:07:52,348 - CPUUtilization.Percent:0.0|#Level:Host|#hostname:DESKTOP-5PKH67K,timestamp:1633099072
2021-10-01 20:07:52,349 - DiskAvailable.Gigabytes:46.93859100341797|#Level:Host|#hostname:DESKTOP-5PKH67K,timestamp:1633099072
2021-10-01 20:07:52,350 - DiskUsage.Gigabytes:203.0380973815918|#Level:Host|#hostname:DESKTOP-5PKH67K,timestamp:1633099072
2021-10-01 20:07:52,350 - DiskUtilization.Percent:81.2|#Level:Host|#hostname:DESKTOP-5PKH67K,timestamp:1633099072
2021-10-01 20:07:52,351 - MemoryAvailable.Megabytes:952.6796875|#Level:Host|#hostname:DESKTOP-5PKH67K,timestamp:1633099072
2021-10-01 20:07:52,351 - MemoryUsed.Megabytes:7137.828125|#Level:Host|#hostname:DESKTOP-5PKH67K,timestamp:1633099072
2021-10-01 20:07:52,351 - MemoryUtilization.Percent:88.2|#Level:Host|#hostname:DESKTOP-5PKH67K,timestamp:1633099072
2021-10-01 20:09:13,231 - CPUUtilization.Percent:7.6|#Level:Host|#hostname:DESKTOP-5PKH67K,timestamp:1633099153
2021-10-01 20:09:13,231 - DiskAvailable.Gigabytes:46.80193328857422|#Level:Host|#hostname:DESKTOP-5PKH67K,timestamp:1633099153
2021-10-01 20:09:13,233 - DiskUsage.Gigabytes:203.17475509643555|#Level:Host|#hostname:DESKTOP-5PKH67K,timestamp:1633099153
2021-10-01 20:09:13,233 - DiskUtilization.Percent:81.3|#Level:Host|#hostname:DESKTOP-5PKH67K,timestamp:1633099153
2021-10-01 20:09:13,233 - MemoryAvailable.Megabytes:426.5703125|#Level:Host|#hostname:DESKTOP-5PKH67K,timestamp:1633099153
2021-10-01 20:09:13,233 - MemoryUsed.Megabytes:7663.9375|#Level:Host|#hostname:DESKTOP-5PKH67K,timestamp:1633099153
2021-10-01 20:09:13,233 - MemoryUtilization.Percent:94.7|#Level:Host|#hostname:DESKTOP-5PKH67K,timestamp:1633099153
2021-10-01 20:09:49,845 - CPUUtilization.Percent:0.0|#Level:Host|#hostname:DESKTOP-5PKH67K,timestamp:1633099189
2021-10-01 20:09:49,846 - DiskAvailable.Gigabytes:46.79914474487305|#Level:Host|#hostname:DESKTOP-5PKH67K,timestamp:1633099189
2021-10-01 20:09:49,846 - DiskUsage.Gigabytes:203.17754364013672|#Level:Host|#hostname:DESKTOP-5PKH67K,timestamp:1633099189
2021-10-01 20:09:49,846 - DiskUtilization.Percent:81.3|#Level:Host|#hostname:DESKTOP-5PKH67K,timestamp:1633099189
2021-10-01 20:09:49,847 - MemoryAvailable.Megabytes:432.62890625|#Level:Host|#hostname:DESKTOP-5PKH67K,timestamp:1633099189
2021-10-01 20:09:49,847 - MemoryUsed.Megabytes:7657.87890625|#Level:Host|#hostname:DESKTOP-5PKH67K,timestamp:1633099189
2021-10-01 20:09:49,847 - MemoryUtilization.Percent:94.7|#Level:Host|#hostname:DESKTOP-5PKH67K,timestamp:1633099189
